# JRE version: OpenJDK Runtime Environment (21.0.3) (build 21.0.3+-12282718-b509.11)
# Java VM: OpenJDK 64-Bit Server VM (21.0.3+-12282718-b509.11, mixed mode, tiered, compressed oops, compressed class ptrs, g1 gc, windows-amd64)
GC Precious Log:
 CardTable entry size: 512
 Card Set container configuration: InlinePtr #cards 5 size 8 Array Of Cards #cards 12 size 40 Howl #buckets 4 coarsen threshold 1843 Howl Bitmap #cards 512 size 80 coarsen threshold 460 Card regions per heap region 1 cards per card region 2048
 CPUs: 4 total, 4 available
 Memory: 3893M
 Large Page Support: Disabled
 NUMA Support: Disabled
 Compressed Oops: Enabled (32-bit)
 Heap Region Size: 1M
 Heap Min Capacity: 8M
 Heap Initial Capacity: 62M
 Heap Max Capacity: 2G
 Pre-touch: Disabled
 Parallel Workers: 4
 Concurrent Workers: 1
 Concurrent Refinement Workers: 4
 Periodic GC: Disabled
Heap:
 garbage-first heap   total 295936K, used 173632K [0x0000000080000000, 0x0000000100000000)
  region size 1024K, 4 young (4096K), 4 survivors (4096K)
 Metaspace       used 130215K, committed 132480K, reserved 1179648K
  class space    used 17826K, committed 18944K, reserved 1048576K
GC Heap History (20 events):
Event: 62.838 GC heap after
{Heap after GC invocations=48 (full 0):
 garbage-first heap   total 197632K, used 124416K [0x0000000080000000, 0x0000000100000000)
  region size 1024K, 8 young (8192K), 8 survivors (8192K)
 Metaspace       used 112013K, committed 114112K, reserved 1179648K
  class space    used 15401K, committed 16448K, reserved 1048576K
}
Event: 64.169 GC heap before
{Heap before GC invocations=48 (full 0):
 garbage-first heap   total 197632K, used 183808K [0x0000000080000000, 0x0000000100000000)
  region size 1024K, 56 young (57344K), 8 survivors (8192K)
 Metaspace       used 114870K, committed 117056K, reserved 1179648K
  class space    used 15758K, committed 16832K, reserved 1048576K
}
Event: 64.217 GC heap after
{Heap after GC invocations=49 (full 0):
 garbage-first heap   total 209920K, used 142848K [0x0000000080000000, 0x0000000100000000)
  region size 1024K, 7 young (7168K), 7 survivors (7168K)
 Metaspace       used 114870K, committed 117056K, reserved 1179648K
  class space    used 15758K, committed 16832K, reserved 1048576K
}
Event: 64.226 GC heap before
{Heap before GC invocations=49 (full 0):
 garbage-first heap   total 209920K, used 142848K [0x0000000080000000, 0x0000000100000000)
  region size 1024K, 8 young (8192K), 7 survivors (7168K)
 Metaspace       used 114890K, committed 117056K, reserved 1179648K
  class space    used 15761K, committed 16832K, reserved 1048576K
}
Event: 64.241 GC heap after
{Heap after GC invocations=50 (full 0):
 garbage-first heap   total 251904K, used 145769K [0x0000000080000000, 0x0000000100000000)
  region size 1024K, 2 young (2048K), 2 survivors (2048K)
 Metaspace       used 114890K, committed 117056K, reserved 1179648K
  class space    used 15761K, committed 16832K, reserved 1048576K
}
Event: 66.007 GC heap before
{Heap before GC invocations=50 (full 0):
 garbage-first heap   total 251904K, used 225641K [0x0000000080000000, 0x0000000100000000)
  region size 1024K, 77 young (78848K), 2 survivors (2048K)
 Metaspace       used 117722K, committed 119936K, reserved 1179648K
  class space    used 16071K, committed 17152K, reserved 1048576K
}
Event: 66.022 GC heap after
{Heap after GC invocations=51 (full 0):
 garbage-first heap   total 251904K, used 152095K [0x0000000080000000, 0x0000000100000000)
  region size 1024K, 8 young (8192K), 8 survivors (8192K)
 Metaspace       used 117722K, committed 119936K, reserved 1179648K
  class space    used 16071K, committed 17152K, reserved 1048576K
}
Event: 67.810 GC heap before
{Heap before GC invocations=51 (full 0):
 garbage-first heap   total 251904K, used 222751K [0x0000000080000000, 0x0000000100000000)
  region size 1024K, 78 young (79872K), 8 survivors (8192K)
 Metaspace       used 119384K, committed 121664K, reserved 1179648K
  class space    used 16271K, committed 17408K, reserved 1048576K
}
Event: 67.831 GC heap after
{Heap after GC invocations=52 (full 0):
 garbage-first heap   total 251904K, used 155994K [0x0000000080000000, 0x0000000100000000)
  region size 1024K, 7 young (7168K), 7 survivors (7168K)
 Metaspace       used 119384K, committed 121664K, reserved 1179648K
  class space    used 16271K, committed 17408K, reserved 1048576K
}
Event: 75.077 GC heap before
{Heap before GC invocations=53 (full 0):
 garbage-first heap   total 256000K, used 206170K [0x0000000080000000, 0x0000000100000000)
  region size 1024K, 75 young (76800K), 7 survivors (7168K)
 Metaspace       used 120585K, committed 122816K, reserved 1179648K
  class space    used 16426K, committed 17536K, reserved 1048576K
}
Event: 75.099 GC heap after
{Heap after GC invocations=54 (full 0):
 garbage-first heap   total 256000K, used 147456K [0x0000000080000000, 0x0000000100000000)
  region size 1024K, 10 young (10240K), 10 survivors (10240K)
 Metaspace       used 120585K, committed 122816K, reserved 1179648K
  class space    used 16426K, committed 17536K, reserved 1048576K
}
Event: 77.558 GC heap before
{Heap before GC invocations=54 (full 0):
 garbage-first heap   total 256000K, used 225280K [0x0000000080000000, 0x0000000100000000)
  region size 1024K, 87 young (89088K), 10 survivors (10240K)
 Metaspace       used 124751K, committed 126976K, reserved 1179648K
  class space    used 16998K, committed 18112K, reserved 1048576K
}
Event: 78.543 GC heap after
{Heap after GC invocations=55 (full 0):
 garbage-first heap   total 256000K, used 145919K [0x0000000080000000, 0x0000000100000000)
  region size 1024K, 11 young (11264K), 11 survivors (11264K)
 Metaspace       used 124751K, committed 126976K, reserved 1179648K
  class space    used 16998K, committed 18112K, reserved 1048576K
}
Event: 82.693 GC heap before
{Heap before GC invocations=55 (full 0):
 garbage-first heap   total 256000K, used 221695K [0x0000000080000000, 0x0000000100000000)
  region size 1024K, 85 young (87040K), 11 survivors (11264K)
 Metaspace       used 128067K, committed 130240K, reserved 1179648K
  class space    used 17499K, committed 18624K, reserved 1048576K
}
Event: 82.739 GC heap after
{Heap after GC invocations=56 (full 0):
 garbage-first heap   total 256000K, used 154372K [0x0000000080000000, 0x0000000100000000)
  region size 1024K, 10 young (10240K), 10 survivors (10240K)
 Metaspace       used 128067K, committed 130240K, reserved 1179648K
  class space    used 17499K, committed 18624K, reserved 1048576K
}
Event: 84.129 GC heap before
{Heap before GC invocations=57 (full 0):
 garbage-first heap   total 295936K, used 226052K [0x0000000080000000, 0x0000000100000000)
  region size 1024K, 80 young (81920K), 10 survivors (10240K)
 Metaspace       used 130212K, committed 132480K, reserved 1179648K
  class space    used 17826K, committed 18944K, reserved 1048576K
}
Event: 84.186 GC heap after
{Heap after GC invocations=58 (full 0):
 garbage-first heap   total 295936K, used 166400K [0x0000000080000000, 0x0000000100000000)
  region size 1024K, 10 young (10240K), 10 survivors (10240K)
 Metaspace       used 130212K, committed 132480K, reserved 1179648K
  class space    used 17826K, committed 18944K, reserved 1048576K
}
Event: 84.203 GC heap before
{Heap before GC invocations=58 (full 0):
 garbage-first heap   total 295936K, used 170496K [0x0000000080000000, 0x0000000100000000)
  region size 1024K, 14 young (14336K), 10 survivors (10240K)
 Metaspace       used 130213K, committed 132480K, reserved 1179648K
  class space    used 17826K, committed 18944K, reserved 1048576K
}
Event: 84.230 GC heap after
{Heap after GC invocations=59 (full 0):
 garbage-first heap   total 295936K, used 168947K [0x0000000080000000, 0x0000000100000000)
  region size 1024K, 2 young (2048K), 2 survivors (2048K)
 Metaspace       used 130213K, committed 132480K, reserved 1179648K
  class space    used 17826K, committed 18944K, reserved 1048576K
}
Event: 84.406 GC heap before
{Heap before GC invocations=59 (full 0):
 garbage-first heap   total 295936K, used 199667K [0x0000000080000000, 0x0000000100000000)
  region size 1024K, 32 young (32768K), 2 survivors (2048K)
 Metaspace       used 130215K, committed 132480K, reserved 1179648K
  class space    used 17826K, committed 18944K, reserved 1048576K
}

